<?xml version="1.0" encoding="UTF-8"?>
<!-- Generated by org.testng.reporters.JUnitReportReporter -->
<testsuite hostname="LAPTOP-K96UHEOH" failures="0" tests="1" name="testCases.TC005_AddToCartPageTest" time="2.208" errors="0" timestamp="2024-03-26T19:48:05 IST" skipped="0">
  <testcase classname="testCases.TC005_AddToCartPageTest" name="verify_addToCart" time="2.208"/>
  <system-out/>
</testsuite> <!-- testCases.TC005_AddToCartPageTest -->
