<?xml version="1.0" encoding="UTF-8"?>
<!-- Generated by org.testng.reporters.JUnitReportReporter -->
<testsuite hostname="LAPTOP-K96UHEOH" failures="0" tests="1" name="testCases.TC001_AccountRegistrationTest" time="4.533" errors="0" timestamp="2024-03-26T19:48:05 IST" skipped="0">
  <testcase classname="testCases.TC001_AccountRegistrationTest" name="verify_account_registration" time="4.533"/>
  <system-out/>
</testsuite> <!-- testCases.TC001_AccountRegistrationTest -->
