<?xml version="1.0" encoding="UTF-8"?>
<!-- Generated by org.testng.reporters.JUnitReportReporter -->
<testsuite hostname="LAPTOP-K96UHEOH" failures="0" tests="1" name="testCases.TC004_SearchProductTest" time="1.310" errors="0" timestamp="2024-03-23T14:47:45 IST" skipped="0">
  <testcase classname="testCases.TC004_SearchProductTest" name="verify_pruductSearch" time="1.310"/>
</testsuite> <!-- testCases.TC004_SearchProductTest -->
