<?xml version="1.0" encoding="UTF-8"?>
<!-- Generated by org.testng.reporters.JUnitReportReporter -->
<testsuite hostname="LAPTOP-K96UHEOH" failures="0" tests="1" name="testCases.TC002_LoginTest" time="1.971" errors="0" timestamp="2024-03-23T14:47:45 IST" skipped="0">
  <testcase classname="testCases.TC002_LoginTest" name="verify_login" time="1.971"/>
</testsuite> <!-- testCases.TC002_LoginTest -->
