<?xml version="1.0" encoding="UTF-8"?>
<!-- Generated by org.testng.reporters.JUnitReportReporter -->
<testsuite hostname="LAPTOP-K96UHEOH" failures="0" tests="1" name="testCases.TC006_EndToEndTest" time="41.158" errors="0" timestamp="2024-03-26T19:49:36 IST" skipped="0">
  <testcase classname="testCases.TC006_EndToEndTest" name="endToendTest" time="41.158"/>
</testsuite> <!-- testCases.TC006_EndToEndTest -->
